<?xml version="1.0" encoding="UTF-8"?>
<!-- Generated by org.testng.reporters.JUnitXMLReporter -->
<testsuite hostname="Pro-PC" ignored="0" name="Test" tests="1" failures="0" timestamp="13 Mar 2018 09:15:34 GMT" time="0.041" errors="0">
  <testcase name="@BeforeMethod openApp" time="0.007" classname="generic.BaseTest">
    <failure type="java.lang.NumberFormatException" message="null">
      <![CDATA[java.lang.NumberFormatException: null
at java.lang.Long.parseLong(Long.java:552)
at java.lang.Long.parseLong(Long.java:631)
at generic.BaseTest.openApp(BaseTest.java:20)
... Removed 28 stack frames]]>
    </failure>
  </testcase> <!-- @BeforeMethod openApp -->
  <testcase name="@AfterMethod closeApp" time="0.001" classname="generic.BaseTest">
    <failure type="java.lang.NullPointerException">
      <![CDATA[java.lang.NullPointerException
at generic.BaseTest.closeApp(BaseTest.java:33)
... Removed 28 stack frames]]>
    </failure>
  </testcase> <!-- @AfterMethod closeApp -->
  <testcase name="invalidLogin" time="0.0" classname="script.InvalidLogin">
    <skipped/>
  </testcase> <!-- invalidLogin -->
</testsuite> <!-- Test -->
