<?xml version="1.0" encoding="UTF-8"?>
<testng-results skipped="0" failed="0" ignored="0" total="1" passed="1">
  <reporter-output>
  </reporter-output>
  <suite name="Default suite" duration-ms="8008" started-at="2018-03-13T13:24:10Z" finished-at="2018-03-13T13:24:18Z">
    <groups>
    </groups>
    <test name="Default test" duration-ms="8008" started-at="2018-03-13T13:24:10Z" finished-at="2018-03-13T13:24:18Z">
      <class name="script.InvalidLogin">
        <test-method status="PASS" signature="openApp()[pri:0, instance:script.InvalidLogin@17d677df]" name="openApp" is-config="true" duration-ms="4810" started-at="2018-03-13T13:24:10Z" finished-at="2018-03-13T13:24:15Z">
          <reporter-output>
          </reporter-output>
        </test-method> <!-- openApp -->
        <test-method status="PASS" signature="invalidLogin()[pri:0, instance:script.InvalidLogin@17d677df]" name="invalidLogin" duration-ms="2254" started-at="2018-03-13T13:24:15Z" finished-at="2018-03-13T13:24:18Z">
          <reporter-output>
          </reporter-output>
        </test-method> <!-- invalidLogin -->
        <test-method status="PASS" signature="closeApp(org.testng.ITestResult)[pri:0, instance:script.InvalidLogin@17d677df]" name="closeApp" is-config="true" duration-ms="924" started-at="2018-03-13T13:24:18Z" finished-at="2018-03-13T13:24:18Z">
          <params>
            <param index="0">
              <value>
                <![CDATA[[TestResult name=invalidLogin status=SUCCESS method=InvalidLogin.invalidLogin()[pri:0, instance:script.InvalidLogin@17d677df] output={null}]]]>
              </value>
            </param>
          </params>
          <reporter-output>
          </reporter-output>
        </test-method> <!-- closeApp -->
      </class> <!-- script.InvalidLogin -->
    </test> <!-- Default test -->
  </suite> <!-- Default suite -->
</testng-results>
